Analysis & Synthesis report for picoMIPS
Wed May  8 09:22:16 2024
Quartus Prime Version 23.1std.0 Build 991 11/28/2023 SC Lite Edition


---------------------
; Table of Contents ;
---------------------
  1. Legal Notice
  2. Analysis & Synthesis Summary
  3. Analysis & Synthesis Settings
  4. Parallel Compilation
  5. Analysis & Synthesis Source Files Read
  6. Analysis & Synthesis Resource Usage Summary
  7. Analysis & Synthesis Resource Utilization by Entity
  8. Analysis & Synthesis DSP Block Usage Summary
  9. Registers Removed During Synthesis
 10. General Register Statistics
 11. Multiplexer Restructuring Statistics (Restructuring Performed)
 12. Parameter Settings for User Entity Instance: Top-level Entity: |picoMIPS
 13. Parameter Settings for User Entity Instance: counter:c1
 14. Parameter Settings for User Entity Instance: pc:prog_counter
 15. Parameter Settings for User Entity Instance: prog_mem:prog_memory
 16. Parameter Settings for User Entity Instance: regs:gpr
 17. Parameter Settings for User Entity Instance: alu:alu1
 18. Port Connectivity Checks: "prog_mem:prog_memory"
 19. Post-Synthesis Netlist Statistics for Top Partition
 20. Elapsed Time Per Partition
 21. Analysis & Synthesis Messages



----------------
; Legal Notice ;
----------------
Copyright (C) 2023  Intel Corporation. All rights reserved.
Your use of Intel Corporation's design tools, logic functions 
and other software and tools, and any partner logic 
functions, and any output files from any of the foregoing 
(including device programming or simulation files), and any 
associated documentation or information are expressly subject 
to the terms and conditions of the Intel Program License 
Subscription Agreement, the Intel Quartus Prime License Agreement,
the Intel FPGA IP License Agreement, or other applicable license
agreement, including, without limitation, that your use is for
the sole purpose of programming logic devices manufactured by
Intel and sold by Intel or its authorized distributors.  Please
refer to the applicable agreement for further details, at
https://fpgasoftware.intel.com/eula.



+----------------------------------------------------------------------------------+
; Analysis & Synthesis Summary                                                     ;
+---------------------------------+------------------------------------------------+
; Analysis & Synthesis Status     ; Successful - Wed May  8 09:22:16 2024          ;
; Quartus Prime Version           ; 23.1std.0 Build 991 11/28/2023 SC Lite Edition ;
; Revision Name                   ; picoMIPS                                       ;
; Top-level Entity Name           ; picoMIPS                                       ;
; Family                          ; Cyclone V                                      ;
; Logic utilization (in ALMs)     ; N/A                                            ;
; Total registers                 ; 102                                            ;
; Total pins                      ; 19                                             ;
; Total virtual pins              ; 0                                              ;
; Total block memory bits         ; 0                                              ;
; Total DSP Blocks                ; 1                                              ;
; Total HSSI RX PCSs              ; 0                                              ;
; Total HSSI PMA RX Deserializers ; 0                                              ;
; Total HSSI TX PCSs              ; 0                                              ;
; Total HSSI PMA TX Serializers   ; 0                                              ;
; Total PLLs                      ; 0                                              ;
; Total DLLs                      ; 0                                              ;
+---------------------------------+------------------------------------------------+


+---------------------------------------------------------------------------------------------------------------------------+
; Analysis & Synthesis Settings                                                                                             ;
+---------------------------------------------------------------------------------+--------------------+--------------------+
; Option                                                                          ; Setting            ; Default Value      ;
+---------------------------------------------------------------------------------+--------------------+--------------------+
; Device                                                                          ; 5CSEMA5F31C6       ;                    ;
; Top-level entity name                                                           ; picoMIPS           ; picoMIPS           ;
; Family name                                                                     ; Cyclone V          ; Cyclone V          ;
; Use smart compilation                                                           ; Off                ; Off                ;
; Enable parallel Assembler and Timing Analyzer during compilation                ; On                 ; On                 ;
; Enable compact report table                                                     ; Off                ; Off                ;
; Restructure Multiplexers                                                        ; Auto               ; Auto               ;
; MLAB Add Timing Constraints For Mixed-Port Feed-Through Mode Setting Don't Care ; Off                ; Off                ;
; Create Debugging Nodes for IP Cores                                             ; Off                ; Off                ;
; Preserve fewer node names                                                       ; On                 ; On                 ;
; Intel FPGA IP Evaluation Mode                                                   ; Enable             ; Enable             ;
; Verilog Version                                                                 ; Verilog_2001       ; Verilog_2001       ;
; VHDL Version                                                                    ; VHDL_1993          ; VHDL_1993          ;
; State Machine Processing                                                        ; Auto               ; Auto               ;
; Safe State Machine                                                              ; Off                ; Off                ;
; Extract Verilog State Machines                                                  ; On                 ; On                 ;
; Extract VHDL State Machines                                                     ; On                 ; On                 ;
; Ignore Verilog initial constructs                                               ; Off                ; Off                ;
; Iteration limit for constant Verilog loops                                      ; 5000               ; 5000               ;
; Iteration limit for non-constant Verilog loops                                  ; 250                ; 250                ;
; Add Pass-Through Logic to Inferred RAMs                                         ; On                 ; On                 ;
; Infer RAMs from Raw Logic                                                       ; On                 ; On                 ;
; Parallel Synthesis                                                              ; On                 ; On                 ;
; DSP Block Balancing                                                             ; Auto               ; Auto               ;
; NOT Gate Push-Back                                                              ; On                 ; On                 ;
; Power-Up Don't Care                                                             ; On                 ; On                 ;
; Remove Redundant Logic Cells                                                    ; Off                ; Off                ;
; Remove Duplicate Registers                                                      ; On                 ; On                 ;
; Ignore CARRY Buffers                                                            ; Off                ; Off                ;
; Ignore CASCADE Buffers                                                          ; Off                ; Off                ;
; Ignore GLOBAL Buffers                                                           ; Off                ; Off                ;
; Ignore ROW GLOBAL Buffers                                                       ; Off                ; Off                ;
; Ignore LCELL Buffers                                                            ; Off                ; Off                ;
; Ignore SOFT Buffers                                                             ; On                 ; On                 ;
; Limit AHDL Integers to 32 Bits                                                  ; Off                ; Off                ;
; Optimization Technique                                                          ; Balanced           ; Balanced           ;
; Carry Chain Length                                                              ; 70                 ; 70                 ;
; Auto Carry Chains                                                               ; On                 ; On                 ;
; Auto Open-Drain Pins                                                            ; On                 ; On                 ;
; Perform WYSIWYG Primitive Resynthesis                                           ; Off                ; Off                ;
; Auto ROM Replacement                                                            ; On                 ; On                 ;
; Auto RAM Replacement                                                            ; On                 ; On                 ;
; Auto DSP Block Replacement                                                      ; On                 ; On                 ;
; Auto Shift Register Replacement                                                 ; Auto               ; Auto               ;
; Allow Shift Register Merging across Hierarchies                                 ; Auto               ; Auto               ;
; Auto Clock Enable Replacement                                                   ; On                 ; On                 ;
; Strict RAM Replacement                                                          ; Off                ; Off                ;
; Allow Synchronous Control Signals                                               ; On                 ; On                 ;
; Force Use of Synchronous Clear Signals                                          ; Off                ; Off                ;
; Auto Resource Sharing                                                           ; Off                ; Off                ;
; Allow Any RAM Size For Recognition                                              ; Off                ; Off                ;
; Allow Any ROM Size For Recognition                                              ; Off                ; Off                ;
; Allow Any Shift Register Size For Recognition                                   ; Off                ; Off                ;
; Use LogicLock Constraints during Resource Balancing                             ; On                 ; On                 ;
; Ignore translate_off and synthesis_off directives                               ; Off                ; Off                ;
; Timing-Driven Synthesis                                                         ; On                 ; On                 ;
; Report Parameter Settings                                                       ; On                 ; On                 ;
; Report Source Assignments                                                       ; On                 ; On                 ;
; Report Connectivity Checks                                                      ; On                 ; On                 ;
; Ignore Maximum Fan-Out Assignments                                              ; Off                ; Off                ;
; Synchronization Register Chain Length                                           ; 3                  ; 3                  ;
; Power Optimization During Synthesis                                             ; Normal compilation ; Normal compilation ;
; HDL message level                                                               ; Level2             ; Level2             ;
; Suppress Register Optimization Related Messages                                 ; Off                ; Off                ;
; Number of Removed Registers Reported in Synthesis Report                        ; 5000               ; 5000               ;
; Number of Swept Nodes Reported in Synthesis Report                              ; 5000               ; 5000               ;
; Number of Inverted Registers Reported in Synthesis Report                       ; 100                ; 100                ;
; Clock MUX Protection                                                            ; On                 ; On                 ;
; Auto Gated Clock Conversion                                                     ; Off                ; Off                ;
; Block Design Naming                                                             ; Auto               ; Auto               ;
; SDC constraint protection                                                       ; Off                ; Off                ;
; Synthesis Effort                                                                ; Auto               ; Auto               ;
; Shift Register Replacement - Allow Asynchronous Clear Signal                    ; On                 ; On                 ;
; Pre-Mapping Resynthesis Optimization                                            ; Off                ; Off                ;
; Analysis & Synthesis Message Level                                              ; Medium             ; Medium             ;
; Disable Register Merging Across Hierarchies                                     ; Auto               ; Auto               ;
; Resource Aware Inference For Block RAM                                          ; On                 ; On                 ;
; Automatic Parallel Synthesis                                                    ; On                 ; On                 ;
; Partial Reconfiguration Bitstream ID                                            ; Off                ; Off                ;
+---------------------------------------------------------------------------------+--------------------+--------------------+


+------------------------------------------+
; Parallel Compilation                     ;
+----------------------------+-------------+
; Processors                 ; Number      ;
+----------------------------+-------------+
; Number detected on machine ; 12          ;
; Maximum allowed            ; 8           ;
;                            ;             ;
; Average used               ; 1.00        ;
; Maximum used               ; 8           ;
;                            ;             ;
; Usage by Processor         ; % Time Used ;
;     Processor 1            ; 100.0%      ;
;     Processors 2-8         ;   0.0%      ;
+----------------------------+-------------+


+----------------------------------------------------------------------------------------------------------------------------------------------------------+
; Analysis & Synthesis Source Files Read                                                                                                                   ;
+----------------------------------+-----------------+---------------------------------------+---------------------------------------------------+---------+
; File Name with User-Entered Path ; Used in Netlist ; File Type                             ; File Name with Absolute Path                      ; Library ;
+----------------------------------+-----------------+---------------------------------------+---------------------------------------------------+---------+
; ../src/counter.sv                ; yes             ; User SystemVerilog HDL File           ; D:/UoS/Sem II/Embedded Processor/src/counter.sv   ;         ;
; ../src/regs.sv                   ; yes             ; User SystemVerilog HDL File           ; D:/UoS/Sem II/Embedded Processor/src/regs.sv      ;         ;
; ../src/prog_mem.sv               ; yes             ; User SystemVerilog HDL File           ; D:/UoS/Sem II/Embedded Processor/src/prog_mem.sv  ;         ;
; ../src/prog.hex                  ; yes             ; User Hexadecimal (Intel-Format) File  ; D:/UoS/Sem II/Embedded Processor/src/prog.hex     ;         ;
; ../src/picoMIPS.sv               ; yes             ; User SystemVerilog HDL File           ; D:/UoS/Sem II/Embedded Processor/src/picoMIPS.sv  ;         ;
; ../src/pc.sv                     ; yes             ; User SystemVerilog HDL File           ; D:/UoS/Sem II/Embedded Processor/src/pc.sv        ;         ;
; ../src/opcodes.svh               ; yes             ; User Unspecified File                 ; D:/UoS/Sem II/Embedded Processor/src/opcodes.svh  ;         ;
; ../src/decoder.sv                ; yes             ; User SystemVerilog HDL File           ; D:/UoS/Sem II/Embedded Processor/src/decoder.sv   ;         ;
; ../src/alucodes.svh              ; yes             ; User Unspecified File                 ; D:/UoS/Sem II/Embedded Processor/src/alucodes.svh ;         ;
; ../src/alu.sv                    ; yes             ; User SystemVerilog HDL File           ; D:/UoS/Sem II/Embedded Processor/src/alu.sv       ;         ;
+----------------------------------+-----------------+---------------------------------------+---------------------------------------------------+---------+


+--------------------------------------------------------------------+
; Analysis & Synthesis Resource Usage Summary                        ;
+---------------------------------------------+----------------------+
; Resource                                    ; Usage                ;
+---------------------------------------------+----------------------+
; Estimate of Logic utilization (ALMs needed) ; 129                  ;
;                                             ;                      ;
; Combinational ALUT usage for logic          ; 142                  ;
;     -- 7 input functions                    ; 0                    ;
;     -- 6 input functions                    ; 51                   ;
;     -- 5 input functions                    ; 29                   ;
;     -- 4 input functions                    ; 32                   ;
;     -- <=3 input functions                  ; 30                   ;
;                                             ;                      ;
; Dedicated logic registers                   ; 102                  ;
;                                             ;                      ;
; I/O pins                                    ; 19                   ;
;                                             ;                      ;
; Total DSP Blocks                            ; 1                    ;
;                                             ;                      ;
; Maximum fan-out node                        ; decoder:d1|WideOr2~0 ;
; Maximum fan-out                             ; 81                   ;
; Total fan-out                               ; 1278                 ;
; Average fan-out                             ; 4.52                 ;
+---------------------------------------------+----------------------+


+---------------------------------------------------------------------------------------------------------------------------------------------------------------------------------------------------+
; Analysis & Synthesis Resource Utilization by Entity                                                                                                                                               ;
+----------------------------+---------------------+---------------------------+-------------------+------------+------+--------------+--------------------------------+-------------+--------------+
; Compilation Hierarchy Node ; Combinational ALUTs ; Dedicated Logic Registers ; Block Memory Bits ; DSP Blocks ; Pins ; Virtual Pins ; Full Hierarchy Name            ; Entity Name ; Library Name ;
+----------------------------+---------------------+---------------------------+-------------------+------------+------+--------------+--------------------------------+-------------+--------------+
; |picoMIPS                  ; 142 (37)            ; 102 (8)                   ; 0                 ; 1          ; 19   ; 0            ; |picoMIPS                      ; picoMIPS    ; work         ;
;    |alu:alu1|              ; 11 (11)             ; 0 (0)                     ; 0                 ; 1          ; 0    ; 0            ; |picoMIPS|alu:alu1             ; alu         ; work         ;
;    |counter:c1|            ; 24 (24)             ; 24 (24)                   ; 0                 ; 0          ; 0    ; 0            ; |picoMIPS|counter:c1           ; counter     ; work         ;
;    |decoder:d1|            ; 6 (6)               ; 0 (0)                     ; 0                 ; 0          ; 0    ; 0            ; |picoMIPS|decoder:d1           ; decoder     ; work         ;
;    |pc:prog_counter|       ; 7 (7)               ; 6 (6)                     ; 0                 ; 0          ; 0    ; 0            ; |picoMIPS|pc:prog_counter      ; pc          ; work         ;
;    |prog_mem:prog_memory|  ; 23 (23)             ; 0 (0)                     ; 0                 ; 0          ; 0    ; 0            ; |picoMIPS|prog_mem:prog_memory ; prog_mem    ; work         ;
;    |regs:gpr|              ; 34 (34)             ; 64 (64)                   ; 0                 ; 0          ; 0    ; 0            ; |picoMIPS|regs:gpr             ; regs        ; work         ;
+----------------------------+---------------------+---------------------------+-------------------+------------+------+--------------+--------------------------------+-------------+--------------+
Note: For table entries with two numbers listed, the numbers in parentheses indicate the number of resources of the given type used by the specific entity alone. The numbers listed outside of parentheses indicate the total resources of the given type used by the specific entity and all of its sub-entities in the hierarchy.


+----------------------------------------------+
; Analysis & Synthesis DSP Block Usage Summary ;
+-------------------------------+--------------+
; Statistic                     ; Number Used  ;
+-------------------------------+--------------+
; Independent 9x9               ; 1            ;
; Total number of DSP blocks    ; 1            ;
;                               ;              ;
; Fixed Point Signed Multiplier ; 1            ;
+-------------------------------+--------------+


+--------------------------------------------------------------+
; Registers Removed During Synthesis                           ;
+-----------------------------------------+--------------------+
; Register name                           ; Reason for Removal ;
+-----------------------------------------+--------------------+
; regs:gpr|gpr[23][7]                     ; Lost fanout        ;
; regs:gpr|gpr[22][7]                     ; Lost fanout        ;
; regs:gpr|gpr[21][7]                     ; Lost fanout        ;
; regs:gpr|gpr[20][7]                     ; Lost fanout        ;
; regs:gpr|gpr[19][7]                     ; Lost fanout        ;
; regs:gpr|gpr[18][7]                     ; Lost fanout        ;
; regs:gpr|gpr[17][7]                     ; Lost fanout        ;
; regs:gpr|gpr[16][7]                     ; Lost fanout        ;
; regs:gpr|gpr[15][7]                     ; Lost fanout        ;
; regs:gpr|gpr[14][7]                     ; Lost fanout        ;
; regs:gpr|gpr[13][7]                     ; Lost fanout        ;
; regs:gpr|gpr[12][7]                     ; Lost fanout        ;
; regs:gpr|gpr[11][7]                     ; Lost fanout        ;
; regs:gpr|gpr[10][7]                     ; Lost fanout        ;
; regs:gpr|gpr[9][7]                      ; Lost fanout        ;
; regs:gpr|gpr[8][7]                      ; Lost fanout        ;
; regs:gpr|gpr[23][6]                     ; Lost fanout        ;
; regs:gpr|gpr[22][6]                     ; Lost fanout        ;
; regs:gpr|gpr[21][6]                     ; Lost fanout        ;
; regs:gpr|gpr[20][6]                     ; Lost fanout        ;
; regs:gpr|gpr[19][6]                     ; Lost fanout        ;
; regs:gpr|gpr[18][6]                     ; Lost fanout        ;
; regs:gpr|gpr[17][6]                     ; Lost fanout        ;
; regs:gpr|gpr[16][6]                     ; Lost fanout        ;
; regs:gpr|gpr[15][6]                     ; Lost fanout        ;
; regs:gpr|gpr[14][6]                     ; Lost fanout        ;
; regs:gpr|gpr[13][6]                     ; Lost fanout        ;
; regs:gpr|gpr[12][6]                     ; Lost fanout        ;
; regs:gpr|gpr[11][6]                     ; Lost fanout        ;
; regs:gpr|gpr[10][6]                     ; Lost fanout        ;
; regs:gpr|gpr[9][6]                      ; Lost fanout        ;
; regs:gpr|gpr[8][6]                      ; Lost fanout        ;
; regs:gpr|gpr[23][5]                     ; Lost fanout        ;
; regs:gpr|gpr[22][5]                     ; Lost fanout        ;
; regs:gpr|gpr[21][5]                     ; Lost fanout        ;
; regs:gpr|gpr[20][5]                     ; Lost fanout        ;
; regs:gpr|gpr[19][5]                     ; Lost fanout        ;
; regs:gpr|gpr[18][5]                     ; Lost fanout        ;
; regs:gpr|gpr[17][5]                     ; Lost fanout        ;
; regs:gpr|gpr[16][5]                     ; Lost fanout        ;
; regs:gpr|gpr[15][5]                     ; Lost fanout        ;
; regs:gpr|gpr[14][5]                     ; Lost fanout        ;
; regs:gpr|gpr[13][5]                     ; Lost fanout        ;
; regs:gpr|gpr[12][5]                     ; Lost fanout        ;
; regs:gpr|gpr[11][5]                     ; Lost fanout        ;
; regs:gpr|gpr[10][5]                     ; Lost fanout        ;
; regs:gpr|gpr[9][5]                      ; Lost fanout        ;
; regs:gpr|gpr[8][5]                      ; Lost fanout        ;
; regs:gpr|gpr[23][4]                     ; Lost fanout        ;
; regs:gpr|gpr[22][4]                     ; Lost fanout        ;
; regs:gpr|gpr[21][4]                     ; Lost fanout        ;
; regs:gpr|gpr[20][4]                     ; Lost fanout        ;
; regs:gpr|gpr[19][4]                     ; Lost fanout        ;
; regs:gpr|gpr[18][4]                     ; Lost fanout        ;
; regs:gpr|gpr[17][4]                     ; Lost fanout        ;
; regs:gpr|gpr[16][4]                     ; Lost fanout        ;
; regs:gpr|gpr[15][4]                     ; Lost fanout        ;
; regs:gpr|gpr[14][4]                     ; Lost fanout        ;
; regs:gpr|gpr[13][4]                     ; Lost fanout        ;
; regs:gpr|gpr[12][4]                     ; Lost fanout        ;
; regs:gpr|gpr[11][4]                     ; Lost fanout        ;
; regs:gpr|gpr[10][4]                     ; Lost fanout        ;
; regs:gpr|gpr[9][4]                      ; Lost fanout        ;
; regs:gpr|gpr[8][4]                      ; Lost fanout        ;
; regs:gpr|gpr[23][3]                     ; Lost fanout        ;
; regs:gpr|gpr[22][3]                     ; Lost fanout        ;
; regs:gpr|gpr[21][3]                     ; Lost fanout        ;
; regs:gpr|gpr[20][3]                     ; Lost fanout        ;
; regs:gpr|gpr[19][3]                     ; Lost fanout        ;
; regs:gpr|gpr[18][3]                     ; Lost fanout        ;
; regs:gpr|gpr[17][3]                     ; Lost fanout        ;
; regs:gpr|gpr[16][3]                     ; Lost fanout        ;
; regs:gpr|gpr[15][3]                     ; Lost fanout        ;
; regs:gpr|gpr[14][3]                     ; Lost fanout        ;
; regs:gpr|gpr[13][3]                     ; Lost fanout        ;
; regs:gpr|gpr[12][3]                     ; Lost fanout        ;
; regs:gpr|gpr[11][3]                     ; Lost fanout        ;
; regs:gpr|gpr[10][3]                     ; Lost fanout        ;
; regs:gpr|gpr[9][3]                      ; Lost fanout        ;
; regs:gpr|gpr[8][3]                      ; Lost fanout        ;
; regs:gpr|gpr[23][2]                     ; Lost fanout        ;
; regs:gpr|gpr[22][2]                     ; Lost fanout        ;
; regs:gpr|gpr[21][2]                     ; Lost fanout        ;
; regs:gpr|gpr[20][2]                     ; Lost fanout        ;
; regs:gpr|gpr[19][2]                     ; Lost fanout        ;
; regs:gpr|gpr[18][2]                     ; Lost fanout        ;
; regs:gpr|gpr[17][2]                     ; Lost fanout        ;
; regs:gpr|gpr[16][2]                     ; Lost fanout        ;
; regs:gpr|gpr[15][2]                     ; Lost fanout        ;
; regs:gpr|gpr[14][2]                     ; Lost fanout        ;
; regs:gpr|gpr[13][2]                     ; Lost fanout        ;
; regs:gpr|gpr[12][2]                     ; Lost fanout        ;
; regs:gpr|gpr[11][2]                     ; Lost fanout        ;
; regs:gpr|gpr[10][2]                     ; Lost fanout        ;
; regs:gpr|gpr[9][2]                      ; Lost fanout        ;
; regs:gpr|gpr[8][2]                      ; Lost fanout        ;
; regs:gpr|gpr[23][1]                     ; Lost fanout        ;
; regs:gpr|gpr[22][1]                     ; Lost fanout        ;
; regs:gpr|gpr[21][1]                     ; Lost fanout        ;
; regs:gpr|gpr[20][1]                     ; Lost fanout        ;
; regs:gpr|gpr[19][1]                     ; Lost fanout        ;
; regs:gpr|gpr[18][1]                     ; Lost fanout        ;
; regs:gpr|gpr[17][1]                     ; Lost fanout        ;
; regs:gpr|gpr[16][1]                     ; Lost fanout        ;
; regs:gpr|gpr[15][1]                     ; Lost fanout        ;
; regs:gpr|gpr[14][1]                     ; Lost fanout        ;
; regs:gpr|gpr[13][1]                     ; Lost fanout        ;
; regs:gpr|gpr[12][1]                     ; Lost fanout        ;
; regs:gpr|gpr[11][1]                     ; Lost fanout        ;
; regs:gpr|gpr[10][1]                     ; Lost fanout        ;
; regs:gpr|gpr[9][1]                      ; Lost fanout        ;
; regs:gpr|gpr[8][1]                      ; Lost fanout        ;
; regs:gpr|gpr[23][0]                     ; Lost fanout        ;
; regs:gpr|gpr[22][0]                     ; Lost fanout        ;
; regs:gpr|gpr[21][0]                     ; Lost fanout        ;
; regs:gpr|gpr[20][0]                     ; Lost fanout        ;
; regs:gpr|gpr[19][0]                     ; Lost fanout        ;
; regs:gpr|gpr[18][0]                     ; Lost fanout        ;
; regs:gpr|gpr[17][0]                     ; Lost fanout        ;
; regs:gpr|gpr[16][0]                     ; Lost fanout        ;
; regs:gpr|gpr[15][0]                     ; Lost fanout        ;
; regs:gpr|gpr[14][0]                     ; Lost fanout        ;
; regs:gpr|gpr[13][0]                     ; Lost fanout        ;
; regs:gpr|gpr[12][0]                     ; Lost fanout        ;
; regs:gpr|gpr[11][0]                     ; Lost fanout        ;
; regs:gpr|gpr[10][0]                     ; Lost fanout        ;
; regs:gpr|gpr[9][0]                      ; Lost fanout        ;
; regs:gpr|gpr[8][0]                      ; Lost fanout        ;
; regs:gpr|gpr[24][0]                     ; Lost fanout        ;
; regs:gpr|gpr[25][0]                     ; Lost fanout        ;
; regs:gpr|gpr[26][0]                     ; Lost fanout        ;
; regs:gpr|gpr[27][0]                     ; Lost fanout        ;
; regs:gpr|gpr[28][0]                     ; Lost fanout        ;
; regs:gpr|gpr[29][0]                     ; Lost fanout        ;
; regs:gpr|gpr[30][0]                     ; Lost fanout        ;
; regs:gpr|gpr[31][0]                     ; Lost fanout        ;
; regs:gpr|gpr[24][1]                     ; Lost fanout        ;
; regs:gpr|gpr[25][1]                     ; Lost fanout        ;
; regs:gpr|gpr[26][1]                     ; Lost fanout        ;
; regs:gpr|gpr[27][1]                     ; Lost fanout        ;
; regs:gpr|gpr[28][1]                     ; Lost fanout        ;
; regs:gpr|gpr[29][1]                     ; Lost fanout        ;
; regs:gpr|gpr[30][1]                     ; Lost fanout        ;
; regs:gpr|gpr[31][1]                     ; Lost fanout        ;
; regs:gpr|gpr[24][2]                     ; Lost fanout        ;
; regs:gpr|gpr[25][2]                     ; Lost fanout        ;
; regs:gpr|gpr[26][2]                     ; Lost fanout        ;
; regs:gpr|gpr[27][2]                     ; Lost fanout        ;
; regs:gpr|gpr[28][2]                     ; Lost fanout        ;
; regs:gpr|gpr[29][2]                     ; Lost fanout        ;
; regs:gpr|gpr[30][2]                     ; Lost fanout        ;
; regs:gpr|gpr[31][2]                     ; Lost fanout        ;
; regs:gpr|gpr[24][3]                     ; Lost fanout        ;
; regs:gpr|gpr[25][3]                     ; Lost fanout        ;
; regs:gpr|gpr[26][3]                     ; Lost fanout        ;
; regs:gpr|gpr[27][3]                     ; Lost fanout        ;
; regs:gpr|gpr[28][3]                     ; Lost fanout        ;
; regs:gpr|gpr[29][3]                     ; Lost fanout        ;
; regs:gpr|gpr[30][3]                     ; Lost fanout        ;
; regs:gpr|gpr[31][3]                     ; Lost fanout        ;
; regs:gpr|gpr[24][4]                     ; Lost fanout        ;
; regs:gpr|gpr[25][4]                     ; Lost fanout        ;
; regs:gpr|gpr[26][4]                     ; Lost fanout        ;
; regs:gpr|gpr[27][4]                     ; Lost fanout        ;
; regs:gpr|gpr[28][4]                     ; Lost fanout        ;
; regs:gpr|gpr[29][4]                     ; Lost fanout        ;
; regs:gpr|gpr[30][4]                     ; Lost fanout        ;
; regs:gpr|gpr[31][4]                     ; Lost fanout        ;
; regs:gpr|gpr[24][5]                     ; Lost fanout        ;
; regs:gpr|gpr[25][5]                     ; Lost fanout        ;
; regs:gpr|gpr[26][5]                     ; Lost fanout        ;
; regs:gpr|gpr[27][5]                     ; Lost fanout        ;
; regs:gpr|gpr[28][5]                     ; Lost fanout        ;
; regs:gpr|gpr[29][5]                     ; Lost fanout        ;
; regs:gpr|gpr[30][5]                     ; Lost fanout        ;
; regs:gpr|gpr[31][5]                     ; Lost fanout        ;
; regs:gpr|gpr[24][6]                     ; Lost fanout        ;
; regs:gpr|gpr[25][6]                     ; Lost fanout        ;
; regs:gpr|gpr[26][6]                     ; Lost fanout        ;
; regs:gpr|gpr[27][6]                     ; Lost fanout        ;
; regs:gpr|gpr[28][6]                     ; Lost fanout        ;
; regs:gpr|gpr[29][6]                     ; Lost fanout        ;
; regs:gpr|gpr[30][6]                     ; Lost fanout        ;
; regs:gpr|gpr[31][6]                     ; Lost fanout        ;
; regs:gpr|gpr[24][7]                     ; Lost fanout        ;
; regs:gpr|gpr[25][7]                     ; Lost fanout        ;
; regs:gpr|gpr[26][7]                     ; Lost fanout        ;
; regs:gpr|gpr[27][7]                     ; Lost fanout        ;
; regs:gpr|gpr[28][7]                     ; Lost fanout        ;
; regs:gpr|gpr[29][7]                     ; Lost fanout        ;
; regs:gpr|gpr[30][7]                     ; Lost fanout        ;
; regs:gpr|gpr[31][7]                     ; Lost fanout        ;
; Total Number of Removed Registers = 192 ;                    ;
+-----------------------------------------+--------------------+


+------------------------------------------------------+
; General Register Statistics                          ;
+----------------------------------------------+-------+
; Statistic                                    ; Value ;
+----------------------------------------------+-------+
; Total registers                              ; 102   ;
; Number of registers using Synchronous Clear  ; 72    ;
; Number of registers using Synchronous Load   ; 78    ;
; Number of registers using Asynchronous Clear ; 78    ;
; Number of registers using Asynchronous Load  ; 0     ;
; Number of registers using Clock Enable       ; 72    ;
; Number of registers using Preset             ; 0     ;
+----------------------------------------------+-------+


+---------------------------------------------------------------------------------------------------------------------------------------------------+
; Multiplexer Restructuring Statistics (Restructuring Performed)                                                                                    ;
+--------------------+-----------+---------------+----------------------+------------------------+------------+-------------------------------------+
; Multiplexer Inputs ; Bus Width ; Baseline Area ; Area if Restructured ; Saving if Restructured ; Registered ; Example Multiplexer Output          ;
+--------------------+-----------+---------------+----------------------+------------------------+------------+-------------------------------------+
; 3:1                ; 6 bits    ; 12 LEs        ; 12 LEs               ; 0 LEs                  ; Yes        ; |picoMIPS|pc:prog_counter|pc_out[5] ;
; 4:1                ; 8 bits    ; 16 LEs        ; 16 LEs               ; 0 LEs                  ; No         ; |picoMIPS|alu:alu1|Mux3             ;
; 9:1                ; 8 bits    ; 48 LEs        ; 48 LEs               ; 0 LEs                  ; No         ; |picoMIPS|regs:gpr|reg_data1[1]     ;
; 11:1               ; 8 bits    ; 56 LEs        ; 56 LEs               ; 0 LEs                  ; No         ; |picoMIPS|b[7]                      ;
+--------------------+-----------+---------------+----------------------+------------------------+------------+-------------------------------------+


+--------------------------------------------------------------------------+
; Parameter Settings for User Entity Instance: Top-level Entity: |picoMIPS ;
+----------------+-------+-------------------------------------------------+
; Parameter Name ; Value ; Type                                            ;
+----------------+-------+-------------------------------------------------+
; n              ; 8     ; Signed Integer                                  ;
; p              ; 6     ; Signed Integer                                  ;
; I              ; 24    ; Signed Integer                                  ;
+----------------+-------+-------------------------------------------------+
Note: In order to hide this table in the UI and the text report file, please set the "Show Parameter Settings in Synthesis Report" option in "Analysis and Synthesis Settings -> More Settings" to "Off".


+---------------------------------------------------------+
; Parameter Settings for User Entity Instance: counter:c1 ;
+----------------+-------+--------------------------------+
; Parameter Name ; Value ; Type                           ;
+----------------+-------+--------------------------------+
; n              ; 24    ; Signed Integer                 ;
+----------------+-------+--------------------------------+
Note: In order to hide this table in the UI and the text report file, please set the "Show Parameter Settings in Synthesis Report" option in "Analysis and Synthesis Settings -> More Settings" to "Off".


+--------------------------------------------------------------+
; Parameter Settings for User Entity Instance: pc:prog_counter ;
+----------------+-------+-------------------------------------+
; Parameter Name ; Value ; Type                                ;
+----------------+-------+-------------------------------------+
; p              ; 6     ; Signed Integer                      ;
+----------------+-------+-------------------------------------+
Note: In order to hide this table in the UI and the text report file, please set the "Show Parameter Settings in Synthesis Report" option in "Analysis and Synthesis Settings -> More Settings" to "Off".


+-------------------------------------------------------------------+
; Parameter Settings for User Entity Instance: prog_mem:prog_memory ;
+----------------+-------+------------------------------------------+
; Parameter Name ; Value ; Type                                     ;
+----------------+-------+------------------------------------------+
; p              ; 6     ; Signed Integer                           ;
; i              ; 24    ; Signed Integer                           ;
+----------------+-------+------------------------------------------+
Note: In order to hide this table in the UI and the text report file, please set the "Show Parameter Settings in Synthesis Report" option in "Analysis and Synthesis Settings -> More Settings" to "Off".


+-------------------------------------------------------+
; Parameter Settings for User Entity Instance: regs:gpr ;
+----------------+-------+------------------------------+
; Parameter Name ; Value ; Type                         ;
+----------------+-------+------------------------------+
; n              ; 8     ; Signed Integer               ;
+----------------+-------+------------------------------+
Note: In order to hide this table in the UI and the text report file, please set the "Show Parameter Settings in Synthesis Report" option in "Analysis and Synthesis Settings -> More Settings" to "Off".


+-------------------------------------------------------+
; Parameter Settings for User Entity Instance: alu:alu1 ;
+----------------+-------+------------------------------+
; Parameter Name ; Value ; Type                         ;
+----------------+-------+------------------------------+
; n              ; 8     ; Signed Integer               ;
+----------------+-------+------------------------------+
Note: In order to hide this table in the UI and the text report file, please set the "Show Parameter Settings in Synthesis Report" option in "Analysis and Synthesis Settings -> More Settings" to "Off".


+--------------------------------------------------------------------------------------------------------------------------------------------------------------------+
; Port Connectivity Checks: "prog_mem:prog_memory"                                                                                                                   ;
+------------+--------+----------+-----------------------------------------------------------------------------------------------------------------------------------+
; Port       ; Type   ; Severity ; Details                                                                                                                           ;
+------------+--------+----------+-----------------------------------------------------------------------------------------------------------------------------------+
; instr_code ; Output ; Warning  ; Output or bidir port (25 bits) is wider than the port expression (24 bits) it drives; bit(s) "instr_code[24..24]" have no fanouts ;
+------------+--------+----------+-----------------------------------------------------------------------------------------------------------------------------------+


+-----------------------------------------------------+
; Post-Synthesis Netlist Statistics for Top Partition ;
+-----------------------+-----------------------------+
; Type                  ; Count                       ;
+-----------------------+-----------------------------+
; arriav_ff             ; 102                         ;
;     CLR SLD           ; 6                           ;
;     ENA CLR SCLR SLD  ; 72                          ;
;     plain             ; 24                          ;
; arriav_lcell_comb     ; 142                         ;
;     arith             ; 37                          ;
;         1 data inputs ; 22                          ;
;         2 data inputs ; 2                           ;
;         4 data inputs ; 7                           ;
;         5 data inputs ; 6                           ;
;     normal            ; 105                         ;
;         1 data inputs ; 1                           ;
;         2 data inputs ; 2                           ;
;         3 data inputs ; 3                           ;
;         4 data inputs ; 25                          ;
;         5 data inputs ; 23                          ;
;         6 data inputs ; 51                          ;
; arriav_mac            ; 1                           ;
; boundary_port         ; 19                          ;
;                       ;                             ;
; Max LUT depth         ; 5.70                        ;
; Average LUT depth     ; 3.56                        ;
+-----------------------+-----------------------------+


+-------------------------------+
; Elapsed Time Per Partition    ;
+----------------+--------------+
; Partition Name ; Elapsed Time ;
+----------------+--------------+
; Top            ; 00:00:00     ;
+----------------+--------------+


+-------------------------------+
; Analysis & Synthesis Messages ;
+-------------------------------+
Info: *******************************************************************
Info: Running Quartus Prime Analysis & Synthesis
    Info: Version 23.1std.0 Build 991 11/28/2023 SC Lite Edition
    Info: Processing started: Wed May  8 09:22:08 2024
Info: Command: quartus_map --read_settings_files=on --write_settings_files=off picoMIPS -c picoMIPS
Warning (18236): Number of processors has not been specified which may cause overloading on shared machines.  Set the global assignment NUM_PARALLEL_PROCESSORS in your QSF to an appropriate value for best performance.
Info (20030): Parallel compilation is enabled and will use 8 of the 8 processors detected
Info (12021): Found 1 design units, including 1 entities, in source file /uos/sem ii/embedded processor/src/counter.sv
    Info (12023): Found entity 1: counter File: D:/UoS/Sem II/Embedded Processor/src/counter.sv Line: 2
Info (12021): Found 1 design units, including 1 entities, in source file /uos/sem ii/embedded processor/src/regs.sv
    Info (12023): Found entity 1: regs File: D:/UoS/Sem II/Embedded Processor/src/regs.sv Line: 7
Info (12021): Found 1 design units, including 1 entities, in source file /uos/sem ii/embedded processor/src/prog_mem.sv
    Info (12023): Found entity 1: prog_mem File: D:/UoS/Sem II/Embedded Processor/src/prog_mem.sv Line: 6
Info (12021): Found 1 design units, including 1 entities, in source file /uos/sem ii/embedded processor/src/picomips.sv
    Info (12023): Found entity 1: picoMIPS File: D:/UoS/Sem II/Embedded Processor/src/picoMIPS.sv Line: 3
Info (12021): Found 1 design units, including 1 entities, in source file /uos/sem ii/embedded processor/src/pc.sv
    Info (12023): Found entity 1: pc File: D:/UoS/Sem II/Embedded Processor/src/pc.sv Line: 9
Info (12021): Found 1 design units, including 1 entities, in source file /uos/sem ii/embedded processor/src/decoder.sv
    Info (12023): Found entity 1: decoder File: D:/UoS/Sem II/Embedded Processor/src/decoder.sv Line: 4
Info (12021): Found 1 design units, including 1 entities, in source file /uos/sem ii/embedded processor/src/alu.sv
    Info (12023): Found entity 1: alu File: D:/UoS/Sem II/Embedded Processor/src/alu.sv Line: 8
Warning (10236): Verilog HDL Implicit Net warning at picoMIPS.sv(32): created implicit net for "clk" File: D:/UoS/Sem II/Embedded Processor/src/picoMIPS.sv Line: 32
Info (12127): Elaborating entity "picoMIPS" for the top level hierarchy
Info (12128): Elaborating entity "counter" for hierarchy "counter:c1" File: D:/UoS/Sem II/Embedded Processor/src/picoMIPS.sv Line: 32
Warning (10230): Verilog HDL assignment warning at counter.sv(8): truncated value with size 32 to match size of target (24) File: D:/UoS/Sem II/Embedded Processor/src/counter.sv Line: 8
Info (12128): Elaborating entity "pc" for hierarchy "pc:prog_counter" File: D:/UoS/Sem II/Embedded Processor/src/picoMIPS.sv Line: 36
Info (12128): Elaborating entity "prog_mem" for hierarchy "prog_mem:prog_memory" File: D:/UoS/Sem II/Embedded Processor/src/picoMIPS.sv Line: 38
Warning (10850): Verilog HDL warning at prog_mem.sv(14): number of words (22) in memory file does not match the number of elements in the address range [0:63] File: D:/UoS/Sem II/Embedded Processor/src/prog_mem.sv Line: 14
Warning (10030): Net "prog_mem.data_a" at prog_mem.sv(10) has no driver or initial value, using a default initial value '0' File: D:/UoS/Sem II/Embedded Processor/src/prog_mem.sv Line: 10
Warning (10030): Net "prog_mem.waddr_a" at prog_mem.sv(10) has no driver or initial value, using a default initial value '0' File: D:/UoS/Sem II/Embedded Processor/src/prog_mem.sv Line: 10
Warning (10030): Net "prog_mem.we_a" at prog_mem.sv(10) has no driver or initial value, using a default initial value '0' File: D:/UoS/Sem II/Embedded Processor/src/prog_mem.sv Line: 10
Info (12128): Elaborating entity "regs" for hierarchy "regs:gpr" File: D:/UoS/Sem II/Embedded Processor/src/picoMIPS.sv Line: 41
Info (12128): Elaborating entity "alu" for hierarchy "alu:alu1" File: D:/UoS/Sem II/Embedded Processor/src/picoMIPS.sv Line: 43
Info (12128): Elaborating entity "decoder" for hierarchy "decoder:d1" File: D:/UoS/Sem II/Embedded Processor/src/picoMIPS.sv Line: 46
Warning (10036): Verilog HDL or VHDL warning at decoder.sv(13): object "branch" assigned a value but never read File: D:/UoS/Sem II/Embedded Processor/src/decoder.sv Line: 13
Warning (10270): Verilog HDL Case Statement warning at decoder.sv(27): incomplete case statement has no default case item File: D:/UoS/Sem II/Embedded Processor/src/decoder.sv Line: 27
Info (276014): Found 1 instances of uninferred RAM logic
    Info (276004): RAM logic "prog_mem:prog_memory|prog_mem" is uninferred due to inappropriate RAM size File: D:/UoS/Sem II/Embedded Processor/src/prog_mem.sv Line: 10
Warning (127007): Memory Initialization File or Hexadecimal (Intel-Format) File "D:/UoS/Sem II/Embedded Processor/Quartus_8may_EP/db/picoMIPS.ram0_prog_mem_351c852f.hdl.mif" contains "don't care" values -- overwriting them with 0s
Warning (12241): 1 hierarchies have connectivity warnings - see the Connectivity Checks report folder
Info (286030): Timing-Driven Synthesis is running
Info (17049): 192 registers lost all their fanouts during netlist optimizations.
Info (16010): Generating hard_block partition "hard_block:auto_generated_inst"
    Info (16011): Adding 0 node(s), including 0 DDIO, 0 PLL, 0 transceiver and 0 LCELL
Info (21057): Implemented 234 device resources after synthesis - the final resource count might be different
    Info (21058): Implemented 11 input pins
    Info (21059): Implemented 8 output pins
    Info (21061): Implemented 214 logic cells
    Info (21062): Implemented 1 DSP elements
Info: Quartus Prime Analysis & Synthesis was successful. 0 errors, 11 warnings
    Info: Peak virtual memory: 4867 megabytes
    Info: Processing ended: Wed May  8 09:22:16 2024
    Info: Elapsed time: 00:00:08
    Info: Total CPU time (on all processors): 00:00:04


